2024-05-13T11:30:16.643+05:30  INFO 23244 --- [profiles] [main] c.example.profiles.ProfilesApplication   : Starting ProfilesApplication using Java 17.0.9 with PID 23244 (C:\Users\yaswa\Downloads\3rd year\3-2\ADVANCE JAVA\SpringProfiles-master\target\classes started by yaswa in C:\Users\yaswa\Downloads\3rd year\3-2\ADVANCE JAVA\SpringProfiles-master)
2024-05-13T11:30:16.650+05:30  INFO 23244 --- [profiles] [main] c.example.profiles.ProfilesApplication   : No active profile set, falling back to 1 default profile: "default"
2024-05-13T11:30:17.200+05:30  INFO 23244 --- [profiles] [main] .s.d.r.c.RepositoryConfigurationDelegate : Bootstrapping Spring Data JPA repositories in DEFAULT mode.
2024-05-13T11:30:17.262+05:30  INFO 23244 --- [profiles] [main] .s.d.r.c.RepositoryConfigurationDelegate : Finished Spring Data repository scanning in 48 ms. Found 1 JPA repository interface.
2024-05-13T11:30:17.949+05:30  INFO 23244 --- [profiles] [main] o.s.b.w.embedded.tomcat.TomcatWebServer  : Tomcat initialized with port 8080 (http)
2024-05-13T11:30:17.965+05:30  INFO 23244 --- [profiles] [main] o.apache.catalina.core.StandardService   : Starting service [Tomcat]
2024-05-13T11:30:17.966+05:30  INFO 23244 --- [profiles] [main] o.apache.catalina.core.StandardEngine    : Starting Servlet engine: [Apache Tomcat/10.1.19]
2024-05-13T11:30:18.179+05:30  INFO 23244 --- [profiles] [main] org.apache.jasper.servlet.TldScanner     : At least one JAR was scanned for TLDs yet contained no TLDs. Enable debug logging for this logger for a complete list of JARs that were scanned but no TLDs were found in them. Skipping unneeded JARs during scanning can improve startup time and JSP compilation time.
2024-05-13T11:30:18.188+05:30  INFO 23244 --- [profiles] [main] o.a.c.c.C.[Tomcat].[localhost].[/]       : Initializing Spring embedded WebApplicationContext
2024-05-13T11:30:18.189+05:30  INFO 23244 --- [profiles] [main] w.s.c.ServletWebServerApplicationContext : Root WebApplicationContext: initialization completed in 1461 ms
2024-05-13T11:30:18.352+05:30  INFO 23244 --- [profiles] [main] o.hibernate.jpa.internal.util.LogHelper  : HHH000204: Processing PersistenceUnitInfo [name: default]
2024-05-13T11:30:18.425+05:30  INFO 23244 --- [profiles] [main] org.hibernate.Version                    : HHH000412: Hibernate ORM core version 6.4.4.Final
2024-05-13T11:30:18.469+05:30  INFO 23244 --- [profiles] [main] o.h.c.internal.RegionFactoryInitiator    : HHH000026: Second-level cache disabled
2024-05-13T11:30:18.698+05:30  INFO 23244 --- [profiles] [main] o.s.o.j.p.SpringPersistenceUnitInfo      : No LoadTimeWeaver setup: ignoring JPA class transformer
2024-05-13T11:30:18.740+05:30  INFO 23244 --- [profiles] [main] com.zaxxer.hikari.HikariDataSource       : HikariPool-1 - Starting...
2024-05-13T11:30:19.045+05:30  INFO 23244 --- [profiles] [main] com.zaxxer.hikari.pool.HikariPool        : HikariPool-1 - Added connection com.mysql.cj.jdbc.ConnectionImpl@351d93bd
2024-05-13T11:30:19.048+05:30  INFO 23244 --- [profiles] [main] com.zaxxer.hikari.HikariDataSource       : HikariPool-1 - Start completed.
2024-05-13T11:30:19.992+05:30  INFO 23244 --- [profiles] [main] o.h.e.t.j.p.i.JtaPlatformInitiator       : HHH000489: No JTA platform available (set 'hibernate.transaction.jta.platform' to enable JTA platform integration)
2024-05-13T11:30:20.049+05:30  INFO 23244 --- [profiles] [main] j.LocalContainerEntityManagerFactoryBean : Initialized JPA EntityManagerFactory for persistence unit 'default'
2024-05-13T11:30:20.325+05:30  WARN 23244 --- [profiles] [main] JpaBaseConfiguration$JpaWebConfiguration : spring.jpa.open-in-view is enabled by default. Therefore, database queries may be performed during view rendering. Explicitly configure spring.jpa.open-in-view to disable this warning
2024-05-13T11:30:20.676+05:30  INFO 23244 --- [profiles] [main] o.s.b.w.embedded.tomcat.TomcatWebServer  : Tomcat started on port 8080 (http) with context path ''
2024-05-13T11:30:20.687+05:30  INFO 23244 --- [profiles] [main] c.example.profiles.ProfilesApplication   : Started ProfilesApplication in 4.447 seconds (process running for 5.211)
2024-05-13T11:30:26.598+05:30  INFO 23244 --- [profiles] [http-nio-8080-exec-1] o.a.c.c.C.[Tomcat].[localhost].[/]       : Initializing Spring DispatcherServlet 'dispatcherServlet'
2024-05-13T11:30:26.598+05:30  INFO 23244 --- [profiles] [http-nio-8080-exec-1] o.s.web.servlet.DispatcherServlet        : Initializing Servlet 'dispatcherServlet'
2024-05-13T11:30:26.600+05:30  INFO 23244 --- [profiles] [http-nio-8080-exec-1] o.s.web.servlet.DispatcherServlet        : Completed initialization in 1 ms
2024-05-13T11:40:21.554+05:30  INFO 23244 --- [profiles] [RMI TCP Connection(13)-127.0.0.1] inMXBeanRegistrar$SpringApplicationAdmin : Application shutdown requested.
2024-05-13T11:40:21.586+05:30  INFO 23244 --- [profiles] [RMI TCP Connection(13)-127.0.0.1] j.LocalContainerEntityManagerFactoryBean : Closing JPA EntityManagerFactory for persistence unit 'default'
2024-05-13T11:40:21.586+05:30  INFO 23244 --- [profiles] [RMI TCP Connection(13)-127.0.0.1] com.zaxxer.hikari.HikariDataSource       : HikariPool-1 - Shutdown initiated...
2024-05-13T11:40:21.601+05:30  INFO 23244 --- [profiles] [RMI TCP Connection(13)-127.0.0.1] com.zaxxer.hikari.HikariDataSource       : HikariPool-1 - Shutdown completed.
